--
-- Only superusers and roles with privileges of the pg_read_all_stats role
-- are allowed to see the plan text, queryid and planid of queries executed by
-- other users. Other users can see the statistics.
--
CREATE ROLE regress_stats_superuser SUPERUSER;
CREATE ROLE regress_stats_user1;
CREATE ROLE regress_stats_user2;
GRANT pg_read_all_stats TO regress_stats_user2;
SET ROLE regress_stats_superuser;
SELECT pg_stat_plans_reset() IS NOT NULL AS t;
 t 
---
 t
(1 row)

SELECT 1 AS "SUPER";
 SUPER 
-------
     1
(1 row)

SET ROLE regress_stats_user1;
SELECT 1+1 AS "ONE";
 ONE 
-----
   2
(1 row)

SET ROLE regress_stats_user2;
SELECT 1+1 AS "TWO";
 TWO 
-----
   2
(1 row)

-- Wait for pending stats to be flushed
SET ROLE regress_stats_superuser;
SELECT pg_sleep(1);
 pg_sleep 
----------
 
(1 row)

--
-- regress_stats_user1 has no privileges to read the plan text, queryid
-- or planid of queries executed by others but can see statistics
-- like calls and rows.
--
-- We run this before the other tests so that we don't have a surprising
-- "<insufficient privilege>" entry from other roles checking pg_stat_plans.
--
SET ROLE regress_stats_user1;
SELECT r.rolname, ss.queryid <> 0 AS queryid_bool, ss.planid <> 0 AS planid_bool, ss.plan, ss.calls
  FROM pg_stat_plans ss JOIN pg_roles r ON ss.userid = r.oid
  WHERE ss.plan NOT LIKE '%Function Scan on pg_stat_plans%'
  ORDER BY r.rolname, ss.plan COLLATE "C", ss.calls;
         rolname         | queryid_bool | planid_bool |           plan           | calls 
-------------------------+--------------+-------------+--------------------------+-------
 regress_stats_superuser |              |             | <insufficient privilege> |     1
 regress_stats_superuser |              |             | <insufficient privilege> |     1
 regress_stats_superuser |              |             | <insufficient privilege> |     1
 regress_stats_user1     | t            | t           | Result                   |     1
 regress_stats_user2     |              |             | <insufficient privilege> |     1
(5 rows)

--
-- A superuser can read all columns of queries executed by others,
-- including plan text, queryid and planid.
--
SET ROLE regress_stats_superuser;
SELECT r.rolname, ss.queryid <> 0 AS queryid_bool, ss.planid <> 0 AS planid_bool, ss.plan, ss.calls
  FROM pg_stat_plans ss JOIN pg_roles r ON ss.userid = r.oid
  WHERE ss.plan NOT LIKE '%Function Scan on pg_stat_plans%'
  ORDER BY r.rolname, ss.plan COLLATE "C", ss.calls;
         rolname         | queryid_bool | planid_bool |  plan  | calls 
-------------------------+--------------+-------------+--------+-------
 regress_stats_superuser | t            | t           | Result |     1
 regress_stats_superuser | t            | t           | Result |     1
 regress_stats_superuser | t            | t           | Result |     1
 regress_stats_user1     | t            | t           | Result |     1
 regress_stats_user2     | t            | t           | Result |     1
(5 rows)

--
-- regress_stats_user2, with pg_read_all_stats role privileges, can
-- read all columns, including plan text, queryid and planid, of queries
-- executed by others.
--
SET ROLE regress_stats_user2;
SELECT r.rolname, ss.queryid <> 0 AS queryid_bool, ss.planid <> 0 AS planid_bool, ss.plan, ss.calls
  FROM pg_stat_plans ss JOIN pg_roles r ON ss.userid = r.oid
  WHERE ss.plan NOT LIKE '%Function Scan on pg_stat_plans%'
  ORDER BY r.rolname, ss.plan COLLATE "C", ss.calls;
         rolname         | queryid_bool | planid_bool |  plan  | calls 
-------------------------+--------------+-------------+--------+-------
 regress_stats_superuser | t            | t           | Result |     1
 regress_stats_superuser | t            | t           | Result |     1
 regress_stats_superuser | t            | t           | Result |     1
 regress_stats_user1     | t            | t           | Result |     1
 regress_stats_user2     | t            | t           | Result |     1
(5 rows)

--
-- cleanup
--
RESET ROLE;
DROP ROLE regress_stats_superuser;
DROP ROLE regress_stats_user1;
DROP ROLE regress_stats_user2;
SELECT pg_stat_plans_reset() IS NOT NULL AS t;
 t 
---
 t
(1 row)

